# JRE version: Java(TM) SE Runtime Environment (8.0_92-b14) (build 1.8.0_92-b14)
# Java VM: Java HotSpot(TM) 64-Bit Server VM (25.92-b14 mixed mode windows-amd64 compressed oops)
Heap:
 PSYoungGen      total 172032K, used 153288K [0x00000000eab00000, 0x00000000f8c80000, 0x0000000100000000)
  eden space 151552K, 88% used [0x00000000eab00000,0x00000000f2ea06e8,0x00000000f3f00000)
  from space 20480K, 90% used [0x00000000f3f00000,0x00000000f5111988,0x00000000f5300000)
  to   space 22528K, 0% used [0x00000000f7680000,0x00000000f7680000,0x00000000f8c80000)
 ParOldGen       total 102912K, used 27659K [0x00000000c0000000, 0x00000000c6480000, 0x00000000eab00000)
  object space 102912K, 26% used [0x00000000c0000000,0x00000000c1b02d18,0x00000000c6480000)
 Metaspace       used 54558K, capacity 55728K, committed 55936K, reserved 1097728K
  class space    used 7341K, capacity 7691K, committed 7808K, reserved 1048576K
GC Heap History (10 events):
Event: 11.490 GC heap before
{Heap before GC invocations=9 (full 1):
 PSYoungGen      total 95744K, used 33134K [0x00000000eab00000, 0x00000000f3c80000, 0x0000000100000000)
  eden space 84992K, 26% used [0x00000000eab00000,0x00000000ec0e0a30,0x00000000efe00000)
  from space 10752K, 99% used [0x00000000efe00000,0x00000000f087ae68,0x00000000f0880000)
  to   space 12800K, 0% used [0x00000000f3000000,0x00000000f3000000,0x00000000f3c80000)
 ParOldGen       total 70144K, used 15278K [0x00000000c0000000, 0x00000000c4480000, 0x00000000eab00000)
  object space 70144K, 21% used [0x00000000c0000000,0x00000000c0eebbd0,0x00000000c4480000)
 Metaspace       used 34702K, capacity 35312K, committed 35456K, reserved 1079296K
  class space    used 4716K, capacity 4896K, committed 4992K, reserved 1048576K
Event: 11.509 GC heap after
Heap after GC invocations=9 (full 1):
 PSYoungGen      total 135168K, used 11942K [0x00000000eab00000, 0x00000000f4300000, 0x0000000100000000)
  eden space 122368K, 0% used [0x00000000eab00000,0x00000000eab00000,0x00000000f2280000)
  from space 12800K, 93% used [0x00000000f3000000,0x00000000f3ba9a88,0x00000000f3c80000)
  to   space 13824K, 0% used [0x00000000f2280000,0x00000000f2280000,0x00000000f3000000)
 ParOldGen       total 70144K, used 15286K [0x00000000c0000000, 0x00000000c4480000, 0x00000000eab00000)
  object space 70144K, 21% used [0x00000000c0000000,0x00000000c0eedbd0,0x00000000c4480000)
 Metaspace       used 34702K, capacity 35312K, committed 35456K, reserved 1079296K
  class space    used 4716K, capacity 4896K, committed 4992K, reserved 1048576K
}
Event: 11.509 GC heap before
{Heap before GC invocations=10 (full 2):
 PSYoungGen      total 135168K, used 11942K [0x00000000eab00000, 0x00000000f4300000, 0x0000000100000000)
  eden space 122368K, 0% used [0x00000000eab00000,0x00000000eab00000,0x00000000f2280000)
  from space 12800K, 93% used [0x00000000f3000000,0x00000000f3ba9a88,0x00000000f3c80000)
  to   space 13824K, 0% used [0x00000000f2280000,0x00000000f2280000,0x00000000f3000000)
 ParOldGen       total 70144K, used 15286K [0x00000000c0000000, 0x00000000c4480000, 0x00000000eab00000)
  object space 70144K, 21% used [0x00000000c0000000,0x00000000c0eedbd0,0x00000000c4480000)
 Metaspace       used 34702K, capacity 35312K, committed 35456K, reserved 1079296K
  class space    used 4716K, capacity 4896K, committed 4992K, reserved 1048576K
Event: 11.657 GC heap after
Heap after GC invocations=10 (full 2):
 PSYoungGen      total 135168K, used 0K [0x00000000eab00000, 0x00000000f4300000, 0x0000000100000000)
  eden space 122368K, 0% used [0x00000000eab00000,0x00000000eab00000,0x00000000f2280000)
  from space 12800K, 0% used [0x00000000f3000000,0x00000000f3000000,0x00000000f3c80000)
  to   space 13824K, 0% used [0x00000000f2280000,0x00000000f2280000,0x00000000f3000000)
 ParOldGen       total 102912K, used 19818K [0x00000000c0000000, 0x00000000c6480000, 0x00000000eab00000)
  object space 102912K, 19% used [0x00000000c0000000,0x00000000c135a890,0x00000000c6480000)
 Metaspace       used 34702K, capacity 35312K, committed 35456K, reserved 1079296K
  class space    used 4716K, capacity 4896K, committed 4992K, reserved 1048576K
}
Event: 14.923 GC heap before
{Heap before GC invocations=11 (full 2):
 PSYoungGen      total 135168K, used 122368K [0x00000000eab00000, 0x00000000f4300000, 0x0000000100000000)
  eden space 122368K, 100% used [0x00000000eab00000,0x00000000f2280000,0x00000000f2280000)
  from space 12800K, 0% used [0x00000000f3000000,0x00000000f3000000,0x00000000f3c80000)
  to   space 13824K, 0% used [0x00000000f2280000,0x00000000f2280000,0x00000000f3000000)
 ParOldGen       total 102912K, used 19818K [0x00000000c0000000, 0x00000000c6480000, 0x00000000eab00000)
  object space 102912K, 19% used [0x00000000c0000000,0x00000000c135a890,0x00000000c6480000)
 Metaspace       used 42227K, capacity 43080K, committed 43264K, reserved 1087488K
  class space    used 5843K, capacity 6052K, committed 6144K, reserved 1048576K
Event: 14.948 GC heap after
Heap after GC invocations=11 (full 2):
 PSYoungGen      total 136192K, used 13821K [0x00000000eab00000, 0x00000000f6280000, 0x0000000100000000)
  eden space 122368K, 0% used [0x00000000eab00000,0x00000000eab00000,0x00000000f2280000)
  from space 13824K, 99% used [0x00000000f2280000,0x00000000f2fff680,0x00000000f3000000)
  to   space 15872K, 0% used [0x00000000f5300000,0x00000000f5300000,0x00000000f6280000)
 ParOldGen       total 102912K, used 20162K [0x00000000c0000000, 0x00000000c6480000, 0x00000000eab00000)
  object space 102912K, 19% used [0x00000000c0000000,0x00000000c13b0870,0x00000000c6480000)
 Metaspace       used 42227K, capacity 43080K, committed 43264K, reserved 1087488K
  class space    used 5843K, capacity 6052K, committed 6144K, reserved 1048576K
}
Event: 24.049 GC heap before
{Heap before GC invocations=12 (full 2):
 PSYoungGen      total 136192K, used 136189K [0x00000000eab00000, 0x00000000f6280000, 0x0000000100000000)
  eden space 122368K, 100% used [0x00000000eab00000,0x00000000f2280000,0x00000000f2280000)
  from space 13824K, 99% used [0x00000000f2280000,0x00000000f2fff680,0x00000000f3000000)
  to   space 15872K, 0% used [0x00000000f5300000,0x00000000f5300000,0x00000000f6280000)
 ParOldGen       total 102912K, used 20162K [0x00000000c0000000, 0x00000000c6480000, 0x00000000eab00000)
  object space 102912K, 19% used [0x00000000c0000000,0x00000000c13b0870,0x00000000c6480000)
 Metaspace       used 46736K, capacity 47786K, committed 48000K, reserved 1091584K
  class space    used 6431K, capacity 6732K, committed 6784K, reserved 1048576K
Event: 24.098 GC heap after
Heap after GC invocations=12 (full 2):
 PSYoungGen      total 167424K, used 15869K [0x00000000eab00000, 0x00000000f6800000, 0x0000000100000000)
  eden space 151552K, 0% used [0x00000000eab00000,0x00000000eab00000,0x00000000f3f00000)
  from space 15872K, 99% used [0x00000000f5300000,0x00000000f627f6e8,0x00000000f6280000)
  to   space 20480K, 0% used [0x00000000f3f00000,0x00000000f3f00000,0x00000000f5300000)
 ParOldGen       total 102912K, used 27651K [0x00000000c0000000, 0x00000000c6480000, 0x00000000eab00000)
  object space 102912K, 26% used [0x00000000c0000000,0x00000000c1b00d18,0x00000000c6480000)
 Metaspace       used 46736K, capacity 47786K, committed 48000K, reserved 1091584K
  class space    used 6431K, capacity 6732K, committed 6784K, reserved 1048576K
}
Event: 27.278 GC heap before
{Heap before GC invocations=13 (full 2):
 PSYoungGen      total 167424K, used 167421K [0x00000000eab00000, 0x00000000f6800000, 0x0000000100000000)
  eden space 151552K, 100% used [0x00000000eab00000,0x00000000f3f00000,0x00000000f3f00000)
  from space 15872K, 99% used [0x00000000f5300000,0x00000000f627f6e8,0x00000000f6280000)
  to   space 20480K, 0% used [0x00000000f3f00000,0x00000000f3f00000,0x00000000f5300000)
 ParOldGen       total 102912K, used 27651K [0x00000000c0000000, 0x00000000c6480000, 0x00000000eab00000)
  object space 102912K, 26% used [0x00000000c0000000,0x00000000c1b00d18,0x00000000c6480000)
 Metaspace       used 48043K, capacity 49104K, committed 49152K, reserved 1091584K
  class space    used 6592K, capacity 6893K, committed 6912K, reserved 1048576K
Event: 27.302 GC heap after
Heap after GC invocations=13 (full 2):
 PSYoungGen      total 172032K, used 18502K [0x00000000eab00000, 0x00000000f8c80000, 0x0000000100000000)
  eden space 151552K, 0% used [0x00000000eab00000,0x00000000eab00000,0x00000000f3f00000)
  from space 20480K, 90% used [0x00000000f3f00000,0x00000000f5111988,0x00000000f5300000)
  to   space 22528K, 0% used [0x00000000f7680000,0x00000000f7680000,0x00000000f8c80000)
 ParOldGen       total 102912K, used 27659K [0x00000000c0000000, 0x00000000c6480000, 0x00000000eab00000)
  object space 102912K, 26% used [0x00000000c0000000,0x00000000c1b02d18,0x00000000c6480000)
 Metaspace       used 48043K, capacity 49104K, committed 49152K, reserved 1091584K
  class space    used 6592K, capacity 6893K, committed 6912K, reserved 1048576K
}

