# JRE version: Java(TM) SE Runtime Environment (8.0_92-b14) (build 1.8.0_92-b14)
# Java VM: Java HotSpot(TM) 64-Bit Server VM (25.92-b14 mixed mode windows-amd64 compressed oops)
Heap:
 PSYoungGen      total 36864K, used 10238K [0x00000000eab00000, 0x00000000ed400000, 0x0000000100000000)
  eden space 31744K, 16% used [0x00000000eab00000,0x00000000eb007ab8,0x00000000eca00000)
  from space 5120K, 99% used [0x00000000eca00000,0x00000000ecef8028,0x00000000ecf00000)
  to   space 5120K, 0% used [0x00000000ecf00000,0x00000000ecf00000,0x00000000ed400000)
 ParOldGen       total 50688K, used 6196K [0x00000000c0000000, 0x00000000c3180000, 0x00000000eab00000)
  object space 50688K, 12% used [0x00000000c0000000,0x00000000c060d070,0x00000000c3180000)
 Metaspace       used 6152K, capacity 6966K, committed 7040K, reserved 1058816K
  class space    used 607K, capacity 622K, committed 640K, reserved 1048576K
GC Heap History (8 events):
Event: 0.545 GC heap before
{Heap before GC invocations=1 (full 0):
 PSYoungGen      total 36864K, used 8890K [0x00000000eab00000, 0x00000000ed400000, 0x0000000100000000)
  eden space 31744K, 28% used [0x00000000eab00000,0x00000000eb3ae9d0,0x00000000eca00000)
  from space 5120K, 0% used [0x00000000ecf00000,0x00000000ecf00000,0x00000000ed400000)
  to   space 5120K, 0% used [0x00000000eca00000,0x00000000eca00000,0x00000000ecf00000)
 ParOldGen       total 84992K, used 0K [0x00000000c0000000, 0x00000000c5300000, 0x00000000eab00000)
  object space 84992K, 0% used [0x00000000c0000000,0x00000000c0000000,0x00000000c5300000)
 Metaspace       used 3625K, capacity 4720K, committed 4864K, reserved 1060864K
  class space    used 393K, capacity 424K, committed 512K, reserved 1048576K
Event: 0.555 GC heap after
Heap after GC invocations=1 (full 0):
 PSYoungGen      total 36864K, used 1244K [0x00000000eab00000, 0x00000000ed400000, 0x0000000100000000)
  eden space 31744K, 0% used [0x00000000eab00000,0x00000000eab00000,0x00000000eca00000)
  from space 5120K, 24% used [0x00000000eca00000,0x00000000ecb372a0,0x00000000ecf00000)
  to   space 5120K, 0% used [0x00000000ecf00000,0x00000000ecf00000,0x00000000ed400000)
 ParOldGen       total 84992K, used 8K [0x00000000c0000000, 0x00000000c5300000, 0x00000000eab00000)
  object space 84992K, 0% used [0x00000000c0000000,0x00000000c0002000,0x00000000c5300000)
 Metaspace       used 3625K, capacity 4720K, committed 4864K, reserved 1060864K
  class space    used 393K, capacity 424K, committed 512K, reserved 1048576K
}
Event: 0.555 GC heap before
{Heap before GC invocations=2 (full 1):
 PSYoungGen      total 36864K, used 1244K [0x00000000eab00000, 0x00000000ed400000, 0x0000000100000000)
  eden space 31744K, 0% used [0x00000000eab00000,0x00000000eab00000,0x00000000eca00000)
  from space 5120K, 24% used [0x00000000eca00000,0x00000000ecb372a0,0x00000000ecf00000)
  to   space 5120K, 0% used [0x00000000ecf00000,0x00000000ecf00000,0x00000000ed400000)
 ParOldGen       total 84992K, used 8K [0x00000000c0000000, 0x00000000c5300000, 0x00000000eab00000)
  object space 84992K, 0% used [0x00000000c0000000,0x00000000c0002000,0x00000000c5300000)
 Metaspace       used 3625K, capacity 4720K, committed 4864K, reserved 1060864K
  class space    used 393K, capacity 424K, committed 512K, reserved 1048576K
Event: 0.568 GC heap after
Heap after GC invocations=2 (full 1):
 PSYoungGen      total 36864K, used 0K [0x00000000eab00000, 0x00000000ed400000, 0x0000000100000000)
  eden space 31744K, 0% used [0x00000000eab00000,0x00000000eab00000,0x00000000eca00000)
  from space 5120K, 0% used [0x00000000eca00000,0x00000000eca00000,0x00000000ecf00000)
  to   space 5120K, 0% used [0x00000000ecf00000,0x00000000ecf00000,0x00000000ed400000)
 ParOldGen       total 50688K, used 1153K [0x00000000c0000000, 0x00000000c3180000, 0x00000000eab00000)
  object space 50688K, 2% used [0x00000000c0000000,0x00000000c0120530,0x00000000c3180000)
 Metaspace       used 3625K, capacity 4720K, committed 4864K, reserved 1058816K
  class space    used 393K, capacity 424K, committed 512K, reserved 1048576K
}
Event: 2.265 GC heap before
{Heap before GC invocations=3 (full 1):
 PSYoungGen      total 36864K, used 31744K [0x00000000eab00000, 0x00000000ed400000, 0x0000000100000000)
  eden space 31744K, 100% used [0x00000000eab00000,0x00000000eca00000,0x00000000eca00000)
  from space 5120K, 0% used [0x00000000eca00000,0x00000000eca00000,0x00000000ecf00000)
  to   space 5120K, 0% used [0x00000000ecf00000,0x00000000ecf00000,0x00000000ed400000)
 ParOldGen       total 50688K, used 1153K [0x00000000c0000000, 0x00000000c3180000, 0x00000000eab00000)
  object space 50688K, 2% used [0x00000000c0000000,0x00000000c0120530,0x00000000c3180000)
 Metaspace       used 5929K, capacity 6774K, committed 7040K, reserved 1058816K
  class space    used 601K, capacity 622K, committed 640K, reserved 1048576K
Event: 2.287 GC heap after
Heap after GC invocations=3 (full 1):
 PSYoungGen      total 36864K, used 5088K [0x00000000eab00000, 0x00000000ed400000, 0x0000000100000000)
  eden space 31744K, 0% used [0x00000000eab00000,0x00000000eab00000,0x00000000eca00000)
  from space 5120K, 99% used [0x00000000ecf00000,0x00000000ed3f8028,0x00000000ed400000)
  to   space 5120K, 0% used [0x00000000eca00000,0x00000000eca00000,0x00000000ecf00000)
 ParOldGen       total 50688K, used 2180K [0x00000000c0000000, 0x00000000c3180000, 0x00000000eab00000)
  object space 50688K, 4% used [0x00000000c0000000,0x00000000c0221288,0x00000000c3180000)
 Metaspace       used 5929K, capacity 6774K, committed 7040K, reserved 1058816K
  class space    used 601K, capacity 622K, committed 640K, reserved 1048576K
}
Event: 2.615 GC heap before
{Heap before GC invocations=4 (full 1):
 PSYoungGen      total 36864K, used 36832K [0x00000000eab00000, 0x00000000ed400000, 0x0000000100000000)
  eden space 31744K, 100% used [0x00000000eab00000,0x00000000eca00000,0x00000000eca00000)
  from space 5120K, 99% used [0x00000000ecf00000,0x00000000ed3f8028,0x00000000ed400000)
  to   space 5120K, 0% used [0x00000000eca00000,0x00000000eca00000,0x00000000ecf00000)
 ParOldGen       total 50688K, used 2180K [0x00000000c0000000, 0x00000000c3180000, 0x00000000eab00000)
  object space 50688K, 4% used [0x00000000c0000000,0x00000000c0221288,0x00000000c3180000)
 Metaspace       used 6132K, capacity 6966K, committed 7040K, reserved 1058816K
  class space    used 607K, capacity 622K, committed 640K, reserved 1048576K
Event: 2.628 GC heap after
Heap after GC invocations=4 (full 1):
 PSYoungGen      total 36864K, used 5088K [0x00000000eab00000, 0x00000000ed400000, 0x0000000100000000)
  eden space 31744K, 0% used [0x00000000eab00000,0x00000000eab00000,0x00000000eca00000)
  from space 5120K, 99% used [0x00000000eca00000,0x00000000ecef8028,0x00000000ecf00000)
  to   space 5120K, 0% used [0x00000000ecf00000,0x00000000ecf00000,0x00000000ed400000)
 ParOldGen       total 50688K, used 6196K [0x00000000c0000000, 0x00000000c3180000, 0x00000000eab00000)
  object space 50688K, 12% used [0x00000000c0000000,0x00000000c060d070,0x00000000c3180000)
 Metaspace       used 6132K, capacity 6966K, committed 7040K, reserved 1058816K
  class space    used 607K, capacity 622K, committed 640K, reserved 1048576K
}

